<?xml version="1.0" encoding="UTF-8"?>
<!-- Generated by org.testng.reporters.JUnitXMLReporter -->
<testsuite ignored="0" hostname="DESKTOP-5JHJNDH" failures="0" tests="2" name="Test2" time="0.056" errors="0" timestamp="2024-04-12T12:56:09 IST">
  <testcase classname="Admin.AdminDriver_Test" name="manageDoctor" time="0.0">
    <skipped/>
  </testcase> <!-- manageDoctor -->
  <testcase classname="Admin.AdminDriver_Test" name="adminLogin" time="0.0">
    <skipped/>
  </testcase> <!-- adminLogin -->
</testsuite> <!-- Test2 -->
