<?xml version="1.0" encoding="UTF-8"?>
<testng-results ignored="0" total="1" passed="1" failed="0" skipped="0">
  <reporter-output>
  </reporter-output>
  <suite started-at="2024-04-18T17:18:09 IST" name="Default suite" finished-at="2024-04-18T17:18:09 IST" duration-ms="126">
    <groups>
    </groups>
    <test started-at="2024-04-18T17:18:09 IST" name="Default test" finished-at="2024-04-18T17:18:09 IST" duration-ms="126">
      <class name="GitHubEx.Example1">
        <test-method signature="met1()[pri:0, instance:GitHubEx.Example1@55182842]" started-at="2024-04-18T17:18:09 IST" name="met1" finished-at="2024-04-18T17:18:09 IST" duration-ms="33" status="PASS">
          <reporter-output>
          </reporter-output>
        </test-method> <!-- met1 -->
      </class> <!-- GitHubEx.Example1 -->
    </test> <!-- Default test -->
  </suite> <!-- Default suite -->
</testng-results>
