<?xml version="1.0" encoding="UTF-8"?>
<testng-results ignored="0" total="2" passed="2" failed="0" skipped="0">
  <reporter-output>
    <line>
      <![CDATA[---Launched browser...]]>
    </line>
    <line>
      <![CDATA[---Welcome to Homepage...]]>
    </line>
    <line>
      <![CDATA[execution starts from here]]>
    </line>
    <line>
      <![CDATA[adminLogin---executed successfully]]>
    </line>
    <line>
      <![CDATA[---Loggged out successfully...]]>
    </line>
    <line>
      <![CDATA[---Welcome to Homepage...]]>
    </line>
    <line>
      <![CDATA[execution starts from here]]>
    </line>
    <line>
      <![CDATA[manageDoctor---executed successfully]]>
    </line>
    <line>
      <![CDATA[---Loggged out successfully...]]>
    </line>
    <line>
      <![CDATA[---Close the Browser...]]>
    </line>
  </reporter-output>
  <suite started-at="2024-04-18T09:53:31 IST" name="Suite" finished-at="2024-04-18T09:53:58 IST" duration-ms="26567">
    <groups>
    </groups>
    <test started-at="2024-04-18T09:53:31 IST" name="Test" finished-at="2024-04-18T09:53:58 IST" duration-ms="26567">
      <class name="Admin.AdminRun_1Test">
        <test-method is-config="true" signature="launchBrowser()[pri:0, instance:Admin.AdminRun_1Test@45752059]" started-at="2024-04-18T09:53:31 IST" name="launchBrowser" finished-at="2024-04-18T09:53:35 IST" duration-ms="3395" status="PASS">
          <reporter-output>
            <line>
              <![CDATA[---Launched browser...]]>
            </line>
          </reporter-output>
        </test-method> <!-- launchBrowser -->
        <test-method is-config="true" signature="AppHomePage()[pri:0, instance:Admin.AdminRun_1Test@45752059]" started-at="2024-04-18T09:53:35 IST" name="AppHomePage" finished-at="2024-04-18T09:53:36 IST" duration-ms="1285" status="PASS">
          <reporter-output>
            <line>
              <![CDATA[---Welcome to Homepage...]]>
            </line>
          </reporter-output>
        </test-method> <!-- AppHomePage -->
        <test-method signature="adminLogin()[pri:0, instance:Admin.AdminRun_1Test@45752059]" started-at="2024-04-18T09:53:36 IST" name="adminLogin" finished-at="2024-04-18T09:53:43 IST" duration-ms="7210" status="PASS">
          <reporter-output>
            <line>
              <![CDATA[execution starts from here]]>
            </line>
            <line>
              <![CDATA[adminLogin---executed successfully]]>
            </line>
          </reporter-output>
        </test-method> <!-- adminLogin -->
        <test-method is-config="true" signature="LogOutFromApp()[pri:0, instance:Admin.AdminRun_1Test@45752059]" started-at="2024-04-18T09:53:43 IST" name="LogOutFromApp" finished-at="2024-04-18T09:53:43 IST" duration-ms="212" status="PASS">
          <reporter-output>
            <line>
              <![CDATA[---Loggged out successfully...]]>
            </line>
          </reporter-output>
        </test-method> <!-- LogOutFromApp -->
        <test-method is-config="true" signature="AppHomePage()[pri:0, instance:Admin.AdminRun_1Test@45752059]" started-at="2024-04-18T09:53:43 IST" name="AppHomePage" finished-at="2024-04-18T09:53:44 IST" duration-ms="61" status="PASS">
          <reporter-output>
            <line>
              <![CDATA[---Welcome to Homepage...]]>
            </line>
          </reporter-output>
        </test-method> <!-- AppHomePage -->
        <test-method signature="manageDoctor()[pri:0, instance:Admin.AdminRun_1Test@45752059]" started-at="2024-04-18T09:53:44 IST" name="manageDoctor" finished-at="2024-04-18T09:53:57 IST" duration-ms="13511" status="PASS">
          <reporter-output>
            <line>
              <![CDATA[execution starts from here]]>
            </line>
            <line>
              <![CDATA[manageDoctor---executed successfully]]>
            </line>
          </reporter-output>
        </test-method> <!-- manageDoctor -->
        <test-method is-config="true" signature="LogOutFromApp()[pri:0, instance:Admin.AdminRun_1Test@45752059]" started-at="2024-04-18T09:53:57 IST" name="LogOutFromApp" finished-at="2024-04-18T09:53:57 IST" duration-ms="221" status="PASS">
          <reporter-output>
            <line>
              <![CDATA[---Loggged out successfully...]]>
            </line>
          </reporter-output>
        </test-method> <!-- LogOutFromApp -->
        <test-method is-config="true" signature="closeBrowser()[pri:0, instance:Admin.AdminRun_1Test@45752059]" started-at="2024-04-18T09:53:57 IST" name="closeBrowser" finished-at="2024-04-18T09:53:58 IST" duration-ms="283" status="PASS">
          <reporter-output>
            <line>
              <![CDATA[---Close the Browser...]]>
            </line>
          </reporter-output>
        </test-method> <!-- closeBrowser -->
      </class> <!-- Admin.AdminRun_1Test -->
    </test> <!-- Test -->
  </suite> <!-- Suite -->
</testng-results>
